Configuring text-postgresql-0.0.2.3...
Building text-postgresql-0.0.2.3...
Preprocessing library text-postgresql-0.0.2.3...
[1 of 5] Compiling Text.Printer.List ( src/Text/Printer/List.hs, .stack-work/dist/x86_64-osx/Cabal-1.24.2.0/build/Text/Printer/List.o )
[2 of 5] Compiling Text.Parser.List ( src/Text/Parser/List.hs, .stack-work/dist/x86_64-osx/Cabal-1.24.2.0/build/Text/Parser/List.o )
[3 of 5] Compiling Data.PostgreSQL.NetworkAddress ( src/Data/PostgreSQL/NetworkAddress.hs, .stack-work/dist/x86_64-osx/Cabal-1.24.2.0/build/Data/PostgreSQL/NetworkAddress.o )
[4 of 5] Compiling Database.PostgreSQL.Parser ( src/Database/PostgreSQL/Parser.hs, .stack-work/dist/x86_64-osx/Cabal-1.24.2.0/build/Database/PostgreSQL/Parser.o )
[5 of 5] Compiling Database.PostgreSQL.Printer ( src/Database/PostgreSQL/Printer.hs, .stack-work/dist/x86_64-osx/Cabal-1.24.2.0/build/Database/PostgreSQL/Printer.o )
Running Haddock for text-postgresql-0.0.2.3...
Preprocessing library text-postgresql-0.0.2.3...
Haddock coverage:
   0% (  0 /  6) in 'Text.Printer.List'
  Missing documentation for:
    Module header
    PrintM (src/Text/Printer/List.hs:11)
    Printer (src/Text/Printer/List.hs:13)
    execPrinter (src/Text/Printer/List.hs:21)
    token (src/Text/Printer/List.hs:15)
    list (src/Text/Printer/List.hs:18)
   7% (  1 / 14) in 'Text.Parser.List'
  Missing documentation for:
    Module header
    Parser (src/Text/Parser/List.hs:21)
    runParser (src/Text/Parser/List.hs:23)
    evalParser (src/Text/Parser/List.hs:26)
    Error (src/Text/Parser/List.hs:16)
    errorE (src/Text/Parser/List.hs:29)
    errorP (src/Text/Parser/List.hs:32)
    noteP (src/Text/Parser/List.hs:35)
    token (src/Text/Parser/List.hs:38)
    eof (src/Text/Parser/List.hs:48)
    sink (src/Text/Parser/List.hs:55)
    satisfy' (src/Text/Parser/List.hs:61)
    list (src/Text/Parser/List.hs:77)
  25% (  3 / 12) in 'Data.PostgreSQL.NetworkAddress'
  Missing documentation for:
    NetAddress (src/Data/PostgreSQL/NetworkAddress.hs:66)
    v4HostAddressOctets (src/Data/PostgreSQL/NetworkAddress.hs:31)
    v6HostAddressLong (src/Data/PostgreSQL/NetworkAddress.hs:43)
    v6HostAddressWords (src/Data/PostgreSQL/NetworkAddress.hs:61)
    v6HostAddress (src/Data/PostgreSQL/NetworkAddress.hs:48)
    v6HostAddressL (src/Data/PostgreSQL/NetworkAddress.hs:58)
    v6HostAddressR (src/Data/PostgreSQL/NetworkAddress.hs:55)
    Inet (src/Data/PostgreSQL/NetworkAddress.hs:71)
    Cidr (src/Data/PostgreSQL/NetworkAddress.hs:73)
   0% (  0 / 10) in 'Database.PostgreSQL.Parser'
  Missing documentation for:
    Module header
    Parser (src/Database/PostgreSQL/Parser.hs:24)
    runParser (src/Text/Parser/List.hs:23)
    evalParser (src/Text/Parser/List.hs:26)
    eof (src/Text/Parser/List.hs:48)
    netAddress (src/Database/PostgreSQL/Parser.hs:122)
    v4HostAddress (src/Database/PostgreSQL/Parser.hs:72)
    decMask4 (src/Database/PostgreSQL/Parser.hs:84)
    v6HostAddress (src/Database/PostgreSQL/Parser.hs:97)
    decMask6 (src/Database/PostgreSQL/Parser.hs:115)
   0% (  0 /  6) in 'Database.PostgreSQL.Printer'
  Missing documentation for:
    Module header
    Printer (src/Database/PostgreSQL/Printer.hs:17)
    execPrinter (src/Text/Printer/List.hs:21)
    v4HostAddress (src/Database/PostgreSQL/Printer.hs:39)
    v6HostAddress (src/Database/PostgreSQL/Printer.hs:50)
    netAddress (src/Database/PostgreSQL/Printer.hs:69)
Warning: Database.PostgreSQL.Parser: could not find link destinations for:
    Parser
Warning: Database.PostgreSQL.Printer: could not find link destinations for:
    Printer
Documentation created:
.stack-work/dist/x86_64-osx/Cabal-1.24.2.0/doc/html/text-postgresql/index.html,
.stack-work/dist/x86_64-osx/Cabal-1.24.2.0/doc/html/text-postgresql/text-postgresql.txt
Installing library in
/Users/Daiki/.stack/snapshots/x86_64-osx/lts-9.13/8.0.2/lib/x86_64-osx-ghc-8.0.2/text-postgresql-0.0.2.3-BpjRBjFRU463lQLlgsgrtG
Registering text-postgresql-0.0.2.3...
